[debug] [2022-04-01T12:50:57.691Z] ----------------------------------------------------------------------
[debug] [2022-04-01T12:50:57.692Z] Command:       /usr/local/bin/node /usr/local/bin/firebase init hosting:github
[debug] [2022-04-01T12:50:57.692Z] CLI Version:   10.5.0
[debug] [2022-04-01T12:50:57.693Z] Platform:      darwin
[debug] [2022-04-01T12:50:57.693Z] Node Version:  v16.14.2
[debug] [2022-04-01T12:50:57.693Z] Time:          Fri Apr 01 2022 08:50:57 GMT-0400 (Eastern Daylight Time)
[debug] [2022-04-01T12:50:57.693Z] ----------------------------------------------------------------------
[debug] 
[debug] [2022-04-01T12:50:57.720Z] > command requires scopes: ["email","openid","https://www.googleapis.com/auth/cloudplatformprojects.readonly","https://www.googleapis.com/auth/firebase","https://www.googleapis.com/auth/cloud-platform"]
[debug] [2022-04-01T12:50:57.720Z] > authorizing via signed-in user (andrea.hoffman@grandcircus.co)
[info] 
     ######## #### ########  ######## ########     ###     ######  ########
     ##        ##  ##     ## ##       ##     ##  ##   ##  ##       ##
     ######    ##  ########  ######   ########  #########  ######  ######
     ##        ##  ##    ##  ##       ##     ## ##     ##       ## ##
     ##       #### ##     ## ######## ########  ##     ##  ######  ########

You're about to initialize a Firebase project in this directory:

  /Users/andreahoffman/Desktop/shoutouts-lab/frontend

Before we get started, keep in mind:

  * You are initializing within an existing Firebase project directory

[info] 
=== Project Setup
[info] 
[info] First, let's associate this project directory with a Firebase project.
[info] You can create multiple project aliases by running firebase use --add, 
[info] but for now we'll just set up a default project.
[info] 
[debug] [2022-04-01T12:50:57.721Z] Using project from CLI flag: shoutouts-c99d5
[debug] [2022-04-01T12:50:57.722Z] >>> [apiv2][query] GET https://firebase.googleapis.com/v1beta1/projects/shoutouts-c99d5 [none]
[debug] [2022-04-01T12:50:57.991Z] <<< [apiv2][status] GET https://firebase.googleapis.com/v1beta1/projects/shoutouts-c99d5 200
[debug] [2022-04-01T12:50:57.992Z] <<< [apiv2][body] GET https://firebase.googleapis.com/v1beta1/projects/shoutouts-c99d5 {"projectId":"shoutouts-c99d5","projectNumber":"908210347020","displayName":"shoutouts","name":"projects/shoutouts-c99d5","resources":{"hostingSite":"shoutouts-c99d5","storageBucket":"shoutouts-c99d5.appspot.com","locationId":"us-central"},"state":"ACTIVE"}
[info] i  Using project shoutouts-c99d5 (shoutouts) 
[info] 
=== Hosting:github Setup
[info] 
[info] i  Didn't detect a .git folder. Assuming /Users/andreahoffman/Desktop/shoutouts-lab/frontend is the project root. 
[info] i  Authorizing with GitHub to upload your service account to a GitHub repository's secrets store. 
[info] 
[info] Visit this URL on this device to log in:
[info] https://github.com/login/oauth/authorize?client_id=89cf50f02ac6aaed3484&state=245413159&redirect_uri=http%3A%2F%2Flocalhost%3A9005&scope=read%3Auser%20repo%20public_repo
[info] 
[info] Waiting for authentication...
[debug] [2022-04-01T12:51:55.057Z] >>> HTTP REQUEST POST https://github.com/login/oauth/access_token  
 {"client_id":"89cf50f02ac6aaed3484","client_secret":"3330d14abc895d9a74d5f17cd7a00711fa2c5bf0","code":"f5e4c2e726fb6aca7ca6","redirect_uri":"http://localhost:9005","state":"245413159"}
[debug] [2022-04-01T12:51:55.367Z] <<< HTTP RESPONSE 200 {"server":"GitHub.com","date":"Fri, 01 Apr 2022 12:51:55 GMT","content-type":"application/json; charset=utf-8","transfer-encoding":"chunked","vary":"X-PJAX, X-PJAX-Container, Accept-Encoding, Accept, X-Requested-With","permissions-policy":"interest-cohort=()","etag":"W/\"6c01c39437550052e11d4a5184ad5823\"","cache-control":"max-age=0, private, must-revalidate","strict-transport-security":"max-age=31536000; includeSubdomains; preload","x-frame-options":"deny","x-content-type-options":"nosniff","x-xss-protection":"0","referrer-policy":"origin-when-cross-origin, strict-origin-when-cross-origin","expect-ct":"max-age=2592000, report-uri=\"https://api.github.com/_private/browser/errors\"","content-security-policy":"default-src 'none'; base-uri 'self'; block-all-mixed-content; child-src github.com/assets-cdn/worker/ gist.github.com/assets-cdn/worker/; connect-src 'self' uploads.github.com objects-origin.githubusercontent.com www.githubstatus.com collector.githubapp.com collector.github.com api.github.com github-cloud.s3.amazonaws.com github-production-repository-file-5c1aeb.s3.amazonaws.com github-production-upload-manifest-file-7fdce7.s3.amazonaws.com github-production-user-asset-6210df.s3.amazonaws.com cdn.optimizely.com logx.optimizely.com/v1/events translator.github.com *.actions.githubusercontent.com wss://*.actions.githubusercontent.com online.visualstudio.com/api/v1/locations raw.githubusercontent.com github-production-repository-image-32fea6.s3.amazonaws.com github-production-release-asset-2e65be.s3.amazonaws.com insights.github.com wss://alive.github.com; font-src github.githubassets.com; form-action 'self' github.com gist.github.com objects-origin.githubusercontent.com; frame-ancestors 'none'; frame-src render.githubusercontent.com viewscreen.githubusercontent.com notebooks.githubusercontent.com; img-src 'self' data: github.githubassets.com identicons.github.com collector.githubapp.com collector.github.com github-cloud.s3.amazonaws.com secured-user-images.githubusercontent.com/ *.githubusercontent.com; manifest-src 'self'; media-src github.com user-images.githubusercontent.com/; script-src github.githubassets.com; style-src 'unsafe-inline' github.githubassets.com; worker-src github.com/assets-cdn/worker/ gist.github.com/assets-cdn/worker/","x-github-request-id":"C791:2192:DB7998:17BC9DF:6246F56B"}
[debug] [2022-04-01T12:51:55.374Z] >>> [apiv2][query] GET https://api.github.com/user [none]
[debug] [2022-04-01T12:51:55.644Z] <<< [apiv2][status] GET https://api.github.com/user 200
[debug] [2022-04-01T12:51:55.645Z] <<< [apiv2][body] GET https://api.github.com/user {"login":"andrea-s-hoffman","id":64110698,"node_id":"MDQ6VXNlcjY0MTEwNjk4","avatar_url":"https://avatars.githubusercontent.com/u/64110698?v=4","gravatar_id":"","url":"https://api.github.com/users/andrea-s-hoffman","html_url":"https://github.com/andrea-s-hoffman","followers_url":"https://api.github.com/users/andrea-s-hoffman/followers","following_url":"https://api.github.com/users/andrea-s-hoffman/following{/other_user}","gists_url":"https://api.github.com/users/andrea-s-hoffman/gists{/gist_id}","starred_url":"https://api.github.com/users/andrea-s-hoffman/starred{/owner}{/repo}","subscriptions_url":"https://api.github.com/users/andrea-s-hoffman/subscriptions","organizations_url":"https://api.github.com/users/andrea-s-hoffman/orgs","repos_url":"https://api.github.com/users/andrea-s-hoffman/repos","events_url":"https://api.github.com/users/andrea-s-hoffman/events{/privacy}","received_events_url":"https://api.github.com/users/andrea-s-hoffman/received_events","type":"User","site_admin":false,"name":"Andrea Hoffman","company":null,"blog":"http://andrea-hoffman.surge.sh/","location":"Grand Rapids, MI","email":null,"hireable":null,"bio":"UI designer & developer","twitter_username":null,"public_repos":17,"public_gists":0,"followers":0,"following":1,"created_at":"2020-04-21T23:36:37Z","updated_at":"2022-04-01T12:51:54Z","private_gists":0,"total_private_repos":8,"owned_private_repos":8,"disk_usage":62011,"collaborators":1,"two_factor_authentication":false,"plan":{"name":"free","space":976562499,"collaborators":0,"private_repos":10000}}
[info] 
[info] ✔  Success! Logged into GitHub as andrea-s-hoffman 
[info] 
